<?xml version="1.0" encoding="UTF-8"?>
<!-- Generated by org.testng.reporters.JUnitReportReporter -->
<testsuite skipped="0" hostname="DESKTOP-0N5HNNC" name="test.TestNewCustomer" tests="2" failures="0" timestamp="09 Jul 2020 11:55:15 GMT" time="7.864" errors="0">
  <testcase name="test_Home_Page_After_Login" time="5.095" classname="test.TestNewCustomer"/>
  <testcase name="TestNewCustomer" time="2.769" classname="test.TestNewCustomer"/>
</testsuite> <!-- test.TestNewCustomer -->
