<?xml version="1.0" encoding="UTF-8"?>
<!-- Generated by org.testng.reporters.JUnitReportReporter -->
<testsuite skipped="0" hostname="DESKTOP-0N5HNNC" name="test.TestLogin" tests="1" failures="0" timestamp="12 Jul 2020 05:32:19 GMT" time="4.979" errors="0">
  <testcase name="test_Home_Page_After_Login" time="4.979" classname="test.TestLogin"/>
</testsuite> <!-- test.TestLogin -->
