<?xml version="1.0" encoding="UTF-8"?>
<!-- Generated by org.testng.reporters.JUnitReportReporter -->
<testsuite skipped="0" hostname="DESKTOP-0N5HNNC" name="test.TestLogin" tests="1" failures="0" timestamp="30 Jun 2020 13:02:02 GMT" time="9.617" errors="0">
  <testcase name="test_Home_Page_After_Login" time="9.617" classname="test.TestLogin"/>
</testsuite> <!-- test.TestLogin -->
