<?xml version="1.0" encoding="UTF-8"?>
<!-- Generated by org.testng.reporters.JUnitReportReporter -->
<testsuite skipped="0" hostname="DESKTOP-0N5HNNC" name="test.TestNewCustomer" tests="2" failures="0" timestamp="12 Jul 2020 05:32:20 GMT" time="11.130" errors="0">
  <testcase name="test_Home_Page_After_Login" time="7.396" classname="test.TestNewCustomer"/>
  <testcase name="fillNewCustomer" time="3.734" classname="test.TestNewCustomer"/>
</testsuite> <!-- test.TestNewCustomer -->
